<?xml version="1.0" encoding="utf-8"?><testsuites name="pytest tests"><testsuite name="pytest" errors="0" failures="1" skipped="0" tests="13" time="5.294" timestamp="2026-05-25T02:13:34.214657+00:00" hostname="agent-env-d2410313-4235-4fff-be85-206d5ee48fe1"><testcase classname="backend.tests.test_iteration3.TestOverview" name="test_overview_returns_counts" time="1.584" /><testcase classname="backend.tests.test_iteration3.TestServicesCRUD" name="test_active_returns_seeded_packages" time="0.061" /><testcase classname="backend.tests.test_iteration3.TestServicesCRUD" name="test_create_update_delete_package" time="0.564" /><testcase classname="backend.tests.test_iteration3.TestServicesCRUD" name="test_create_addon" time="0.054"><failure message="AssertionError: {&quot;detail&quot;:[{&quot;type&quot;:&quot;missing&quot;,&quot;loc&quot;:[&quot;body&quot;,&quot;name&quot;],&quot;msg&quot;:&quot;Field required&quot;,&quot;input&quot;:{&quot;addon_id&quot;:&quot;test_addon_de69d4&quot;,&quot;addon_name&quot;:&quot;TEST_Addon&quot;,&quot;description&quot;:&quot;test&quot;,&quot;price_aud&quot;:50.0,&quot;applies_to_categories&quot;:[&quot;Portrait&quot;]},&quot;url&quot;:&quot;https://errors.pydantic.dev/2.13/v/missing&quot;},{&quot;type&quot;:&quot;missing&quot;,&quot;loc&quot;:[&quot;body&quot;,&quot;price&quot;],&quot;msg&quot;:&quot;Field required&quot;,&quot;input&quot;:{&quot;addon_id&quot;:&quot;test_addon_de69d4&quot;,&quot;addon_name&quot;:&quot;TEST_Addon&quot;,&quot;description&quot;:&quot;test&quot;,&quot;price_aud&quot;:50.0,&quot;applies_to_categories&quot;:[&quot;Portrait&quot;]},&quot;url&quot;:&quot;https://errors.pydantic.dev/2.13/v/missing&quot;}]}&#10;assert 422 == 200&#10; +  where 422 = &lt;Response [422]&gt;.status_code">backend/tests/test_iteration3.py:124: in test_create_addon
    assert r.status_code == 200, r.text
E   AssertionError: {"detail":[{"type":"missing","loc":["body","name"],"msg":"Field required","input":{"addon_id":"test_addon_de69d4","addon_name":"TEST_Addon","description":"test","price_aud":50.0,"applies_to_categories":["Portrait"]},"url":"https://errors.pydantic.dev/2.13/v/missing"},{"type":"missing","loc":["body","price"],"msg":"Field required","input":{"addon_id":"test_addon_de69d4","addon_name":"TEST_Addon","description":"test","price_aud":50.0,"applies_to_categories":["Portrait"]},"url":"https://errors.pydantic.dev/2.13/v/missing"}]}
E   assert 422 == 200
E    +  where 422 = &lt;Response [422]&gt;.status_code</failure></testcase><testcase classname="backend.tests.test_iteration3.TestGalleriesIteration3" name="test_create_with_allow_downloads_and_metadata" time="0.464" /><testcase classname="backend.tests.test_iteration3.TestGalleriesIteration3" name="test_patch_gallery_allow_downloads" time="0.180" /><testcase classname="backend.tests.test_iteration3.TestGalleriesIteration3" name="test_cross_user_gallery_403" time="1.254" /><testcase classname="backend.tests.test_iteration3.TestGalleriesIteration3" name="test_download_endpoint_gating" time="0.559" /><testcase classname="backend.tests.test_iteration3.TestBookingsGetById" name="test_admin_can_get_any_booking" time="0.113" /><testcase classname="backend.tests.test_iteration3.TestBookingsGetById" name="test_client_can_get_own_booking" time="0.108" /><testcase classname="backend.tests.test_iteration3.TestBookingsGetById" name="test_client_cannot_get_others_booking" time="0.101" /><testcase classname="backend.tests.test_iteration3.TestAdminClientProfile" name="test_profile_galleries_include_allow_downloads" time="0.086" /><testcase classname="backend.tests.test_iteration3.TestInvoicesMine" name="test_client_mine_returns_200" time="0.053" /></testsuite></testsuites>