<?xml version="1.0" encoding="utf-8"?><testsuites name="pytest tests"><testsuite name="pytest" errors="0" failures="1" skipped="1" tests="16" time="10.613" timestamp="2026-05-22T02:59:34.696119+00:00" hostname="agent-env-d2410313-4235-4fff-be85-206d5ee48fe1"><testcase classname="backend.tests.backend_test" name="test_root_health" time="0.158" /><testcase classname="backend.tests.backend_test" name="test_register_sets_cookies_and_me_works" time="0.475" /><testcase classname="backend.tests.backend_test" name="test_login_admin_and_client" time="0.659" /><testcase classname="backend.tests.backend_test" name="test_me_unauthenticated_returns_401" time="0.108" /><testcase classname="backend.tests.backend_test" name="test_login_bad_password_returns_401" time="0.330" /><testcase classname="backend.tests.backend_test" name="test_client_cannot_list_all_bookings" time="0.372" /><testcase classname="backend.tests.backend_test" name="test_portfolio_get_seeded" time="0.436" /><testcase classname="backend.tests.backend_test" name="test_portfolio_post_admin_ok_and_non_admin_403" time="0.097" /><testcase classname="backend.tests.backend_test" name="test_services_active_seeded" time="0.105" /><testcase classname="backend.tests.backend_test" name="test_client_create_booking_and_admin_lists" time="0.173" /><testcase classname="backend.tests.backend_test" name="test_admin_approve_booking" time="0.051" /><testcase classname="backend.tests.backend_test" name="test_documents_create_view_sign" time="0.144" /><testcase classname="backend.tests.backend_test" name="test_invoice_create_and_checkout_flow" time="0.933"><failure message="AssertionError: Internal Server Error&#10;assert 500 == 200&#10; +  where 500 = &lt;Response [500]&gt;.status_code">backend/tests/backend_test.py:275: in test_invoice_create_and_checkout_flow
    assert st.status_code == 200, st.text
E   AssertionError: Internal Server Error
E   assert 500 == 200
E    +  where 500 = &lt;Response [500]&gt;.status_code</failure></testcase><testcase classname="backend.tests.backend_test" name="test_gallery_create_upload_and_view" time="0.253" /><testcase classname="backend.tests.backend_test" name="test_luma_chat_creates_session_and_calls_get_active_services" time="1.333" /><testcase classname="backend.tests.backend_test" name="test_luma_continues_session_and_confirms_booking" time="4.864"><skipped type="pytest.xfail" message="Luma did not create a booking via tool calls. Tools observed: ['get_active_services', 'check_availability']" /></testcase></testsuite></testsuites>