<?xml version="1.0" encoding="utf-8"?><testsuites name="pytest tests"><testsuite name="pytest" errors="0" failures="1" skipped="0" tests="20" time="6.167" timestamp="2026-05-22T12:28:14.469131+00:00" hostname="agent-env-d2410313-4235-4fff-be85-206d5ee48fe1"><testcase classname="backend.tests.backend_test.TestHealth" name="test_root_ok" time="0.180" /><testcase classname="backend.tests.backend_test.TestAuth" name="test_admin_login_new_email" time="0.363" /><testcase classname="backend.tests.backend_test.TestAuth" name="test_old_admin_email_gone" time="0.130" /><testcase classname="backend.tests.backend_test.TestAuth" name="test_client_login" time="0.346" /><testcase classname="backend.tests.backend_test.TestAuth" name="test_refresh_issues_fresh_cookies" time="0.467" /><testcase classname="backend.tests.backend_test.TestContractTemplates" name="test_list_templates_six" time="0.411" /><testcase classname="backend.tests.backend_test.TestContractTemplates" name="test_template_body_contains_terms_and_placeholders" time="0.053" /><testcase classname="backend.tests.backend_test.TestContractTemplates" name="test_client_cannot_list_templates" time="0.424" /><testcase classname="backend.tests.backend_test.TestContractTemplates" name="test_create_document_from_template_autofill" time="0.675" /><testcase classname="backend.tests.backend_test.TestContractTemplates" name="test_document_appears_in_mine" time="0.064" /><testcase classname="backend.tests.backend_test.TestContractTemplates" name="test_client_can_sign_template_document" time="0.055" /><testcase classname="backend.tests.backend_test.TestInvoicesPayID" name="test_create_invoice_has_reference_and_payment_instructions" time="0.222" /><testcase classname="backend.tests.backend_test.TestInvoicesPayID" name="test_auto_from_booking" time="0.233" /><testcase classname="backend.tests.backend_test.TestInvoicesPayID" name="test_mine_returns_invoices_with_pi" time="0.060"><failure message="AssertionError: Internal Server Error&#10;assert 500 == 200&#10; +  where 500 = &lt;Response [500]&gt;.status_code">E   AssertionError: Internal Server Error
    assert 500 == 200
     +  where 500 = &lt;Response [500]&gt;.status_code</failure></testcase><testcase classname="backend.tests.backend_test.TestInvoicesPayID" name="test_mark_paid_and_unpaid" time="0.155" /><testcase classname="backend.tests.backend_test.TestInvoicesPayID" name="test_client_cannot_mark_paid" time="0.059" /><testcase classname="backend.tests.backend_test.TestStripeRemoved" name="test_payments_status_404" time="0.109" /><testcase classname="backend.tests.backend_test.TestStripeRemoved" name="test_payments_checkout_invoice_404" time="0.382" /><testcase classname="backend.tests.backend_test.TestGalleries" name="test_create_gallery_upload_photo_fetch_binary" time="0.218" /><testcase classname="backend.tests.backend_test.TestLuma" name="test_first_turn_returns_session" time="1.439" /></testsuite></testsuites>